Arguments: 
  /Users/andrea/.nvm/versions/node/v16.13.1/bin/node /Users/andrea/.yarn/bin/yarn.js add express nodemon typescript ts-node @types/expres

PATH: 
  /Users/andrea/.yarn/bin:/Users/andrea/.config/yarn/global/node_modules/.bin:/Users/andrea/.nvm/versions/node/v16.13.1/bin:/Library/Frameworks/Python.framework/Versions/3.10/bin:/opt/homebrew/bin:/opt/homebrew/sbin:/usr/local/bin:/usr/bin:/bin:/usr/sbin:/sbin:/usr/local/go/bin:/Library/Apple/usr/bin:/Users/andrea/.yarn/bin:/Users/andrea/.config/yarn/global/node_modules/.bin:/Users/andrea/.nvm/versions/node/v16.13.1/bin:/Library/Frameworks/Python.framework/Versions/3.10/bin:/opt/homebrew/bin:/opt/homebrew/sbin

Yarn version: 
  1.22.17

Node version: 
  16.13.1

Platform: 
  darwin arm64

Trace: 
  Error: https://registry.yarnpkg.com/@types%2fexpres: Not found
      at Request.params.callback [as _callback] (/Users/andrea/.yarn/lib/cli.js:67029:18)
      at Request.self.callback (/Users/andrea/.yarn/lib/cli.js:140883:22)
      at Request.emit (node:events:390:28)
      at Request.<anonymous> (/Users/andrea/.yarn/lib/cli.js:141855:10)
      at Request.emit (node:events:390:28)
      at IncomingMessage.<anonymous> (/Users/andrea/.yarn/lib/cli.js:141777:12)
      at Object.onceWrapper (node:events:509:28)
      at IncomingMessage.emit (node:events:402:35)
      at endReadableNT (node:internal/streams/readable:1343:12)
      at processTicksAndRejections (node:internal/process/task_queues:83:21)

npm manifest: 
  {
    "name": "database",
    "version": "1.0.0",
    "description": "database homework",
    "main": "index.js",
    "author": "Andrea",
    "license": "MIT"
  }

yarn manifest: 
  No manifest

Lockfile: 
  No lockfile
